-------------------------------------------------------------------------------
Test set: WSwithDatabaseTest
-------------------------------------------------------------------------------
Tests run: 1, Failures: 0, Errors: 1, Skipped: 0, Time elapsed: 0 sec <<< FAILURE!
testAddBookServiceFlow(WSwithDatabaseTest)  Time elapsed: 0 sec  <<< ERROR!
com.rockit.common.blackboxtester.exceptions.FatalConfigurationException: configuration initialization exception
	at io.github.rockitconsulting.test.rockitizer.configuration.Configuration.<init>(Configuration.java:79)
	at io.github.rockitconsulting.test.rockitizer.configuration.Configuration.<init>(Configuration.java:56)
	at io.github.rockitconsulting.test.rockitizer.configuration.Configuration.configuration(Configuration.java:135)
	at com.rockit.common.blackboxtester.wrapper.AbstractTestWrapper.newTestBuilderFor(AbstractTestWrapper.java:70)
	at WSwithDatabaseTest.<init>(WSwithDatabaseTest.java:13)
	at sun.reflect.NativeConstructorAccessorImpl.newInstance0(Native Method)
	at sun.reflect.NativeConstructorAccessorImpl.newInstance(NativeConstructorAccessorImpl.java:83)
	at sun.reflect.DelegatingConstructorAccessorImpl.newInstance(DelegatingConstructorAccessorImpl.java:57)
	at java.lang.reflect.Constructor.newInstance(Constructor.java:437)
	at org.junit.runners.BlockJUnit4ClassRunner.createTest(BlockJUnit4ClassRunner.java:195)
	at org.junit.runners.BlockJUnit4ClassRunner$1.runReflectiveCall(BlockJUnit4ClassRunner.java:244)
	at org.junit.internal.runners.model.ReflectiveCallable.run(ReflectiveCallable.java:12)
	at org.junit.runners.BlockJUnit4ClassRunner.methodBlock(BlockJUnit4ClassRunner.java:241)
	at org.junit.runners.BlockJUnit4ClassRunner.runChild(BlockJUnit4ClassRunner.java:70)
	at org.junit.runners.BlockJUnit4ClassRunner.runChild(BlockJUnit4ClassRunner.java:50)
	at org.junit.runners.ParentRunner$3.run(ParentRunner.java:238)
	at org.junit.runners.ParentRunner$1.schedule(ParentRunner.java:63)
	at org.junit.runners.ParentRunner.runChildren(ParentRunner.java:236)
	at org.junit.runners.ParentRunner.access$000(ParentRunner.java:53)
	at org.junit.runners.ParentRunner$2.evaluate(ParentRunner.java:229)
	at org.junit.runners.ParentRunner.run(ParentRunner.java:309)
	at org.apache.maven.surefire.junit4.JUnit4Provider.execute(JUnit4Provider.java:252)
	at org.apache.maven.surefire.junit4.JUnit4Provider.executeTestSet(JUnit4Provider.java:141)
	at org.apache.maven.surefire.junit4.JUnit4Provider.invoke(JUnit4Provider.java:112)
	at sun.reflect.NativeMethodAccessorImpl.invoke0(Native Method)
	at sun.reflect.NativeMethodAccessorImpl.invoke(NativeMethodAccessorImpl.java:90)
	at sun.reflect.DelegatingMethodAccessorImpl.invoke(DelegatingMethodAccessorImpl.java:55)
	at java.lang.reflect.Method.invoke(Method.java:508)
	at org.apache.maven.surefire.util.ReflectionUtils.invokeMethodWithArray(ReflectionUtils.java:189)
	at org.apache.maven.surefire.booter.ProviderFactory$ProviderProxy.invoke(ProviderFactory.java:165)
	at org.apache.maven.surefire.booter.ProviderFactory.invokeProvider(ProviderFactory.java:85)
	at org.apache.maven.surefire.booter.ForkedBooter.runSuitesInProcess(ForkedBooter.java:115)
	at org.apache.maven.surefire.booter.ForkedBooter.main(ForkedBooter.java:75)
Caused by: java.io.FileNotFoundException: C:\rockit\projects\github\test.rockitizer.demo\demo.rockitizer\src\test\resources\resources-alex.yaml (Das System kann die angegebene Datei nicht finden.)
	at java.io.FileInputStream.open(FileInputStream.java:212)
	at java.io.FileInputStream.<init>(FileInputStream.java:152)
	at java.io.FileInputStream.<init>(FileInputStream.java:104)
	at io.github.rockitconsulting.test.rockitizer.configuration.utils.ConfigUtils.resourcesHolderFromYaml(ConfigUtils.java:96)
	at io.github.rockitconsulting.test.rockitizer.configuration.ResourcesHolderAccessor.resourcesHolderFromYaml(ResourcesHolderAccessor.java:70)
	at io.github.rockitconsulting.test.rockitizer.configuration.ResourcesHolderAccessor.initFromYaml(ResourcesHolderAccessor.java:55)
	at io.github.rockitconsulting.test.rockitizer.configuration.Configuration.handleInitialization(Configuration.java:90)
	at io.github.rockitconsulting.test.rockitizer.configuration.Configuration.<init>(Configuration.java:70)
	... 32 more

