ERROR main com.rockit.common.blackboxtester.suite.configuration.TestProtocol - Critical: configuration initialization exception 


java.io.FileNotFoundException: C:\rockit\projects\github\test.rockitizer.demo\demo.rockitizer\src\test\resources\resources-alex.yaml (Das System kann die angegebene Datei nicht finden.)
	at java.io.FileInputStream.open(FileInputStream.java:212)
	at java.io.FileInputStream.<init>(FileInputStream.java:152)
	at java.io.FileInputStream.<init>(FileInputStream.java:104)
	at io.github.rockitconsulting.test.rockitizer.configuration.utils.ConfigUtils.resourcesHolderFromYaml(ConfigUtils.java:96)
	at io.github.rockitconsulting.test.rockitizer.configuration.ResourcesHolderAccessor.resourcesHolderFromYaml(ResourcesHolderAccessor.java:70)
	at io.github.rockitconsulting.test.rockitizer.configuration.ResourcesHolderAccessor.initFromYaml(ResourcesHolderAccessor.java:55)
	at io.github.rockitconsulting.test.rockitizer.configuration.Configuration.handleInitialization(Configuration.java:90)
	at io.github.rockitconsulting.test.rockitizer.configuration.Configuration.<init>(Configuration.java:70)
	at io.github.rockitconsulting.test.rockitizer.configuration.Configuration.<init>(Configuration.java:56)
	at io.github.rockitconsulting.test.rockitizer.configuration.Configuration.configuration(Configuration.java:135)
	at com.rockit.common.blackboxtester.wrapper.AbstractTestWrapper.newTestBuilderFor(AbstractTestWrapper.java:70)
	at FILEinFILEOutTest.<init>(FILEinFILEOutTest.java:13)
	at sun.reflect.NativeConstructorAccessorImpl.newInstance0(Native Method)
	at sun.reflect.NativeConstructorAccessorImpl.newInstance(NativeConstructorAccessorImpl.java:83)
	at sun.reflect.DelegatingConstructorAccessorImpl.newInstance(DelegatingConstructorAccessorImpl.java:57)
	at java.lang.reflect.Constructor.newInstance(Constructor.java:437)
	at org.junit.runners.BlockJUnit4ClassRunner.createTest(BlockJUnit4ClassRunner.java:195)
	at org.junit.runners.BlockJUnit4ClassRunner$1.runReflectiveCall(BlockJUnit4ClassRunner.java:244)
	at org.junit.internal.runners.model.ReflectiveCallable.run(ReflectiveCallable.java:12)
	at org.junit.runners.BlockJUnit4ClassRunner.methodBlock(BlockJUnit4ClassRunner.java:241)
	at org.junit.runners.BlockJUnit4ClassRunner.runChild(BlockJUnit4ClassRunner.java:70)
	at org.junit.runners.BlockJUnit4ClassRunner.runChild(BlockJUnit4ClassRunner.java:50)
	at org.junit.runners.ParentRunner$3.run(ParentRunner.java:238)
	at org.junit.runners.ParentRunner$1.schedule(ParentRunner.java:63)
	at org.junit.runners.ParentRunner.runChildren(ParentRunner.java:236)
	at org.junit.runners.ParentRunner.access$000(ParentRunner.java:53)
	at org.junit.runners.ParentRunner$2.evaluate(ParentRunner.java:229)
	at org.junit.runners.ParentRunner.run(ParentRunner.java:309)
	at org.apache.maven.surefire.junit4.JUnit4Provider.execute(JUnit4Provider.java:252)
	at org.apache.maven.surefire.junit4.JUnit4Provider.executeTestSet(JUnit4Provider.java:141)
	at org.apache.maven.surefire.junit4.JUnit4Provider.invoke(JUnit4Provider.java:112)
	at sun.reflect.NativeMethodAccessorImpl.invoke0(Native Method)
	at sun.reflect.NativeMethodAccessorImpl.invoke(NativeMethodAccessorImpl.java:90)
	at sun.reflect.DelegatingMethodAccessorImpl.invoke(DelegatingMethodAccessorImpl.java:55)
	at java.lang.reflect.Method.invoke(Method.java:508)
	at org.apache.maven.surefire.util.ReflectionUtils.invokeMethodWithArray(ReflectionUtils.java:189)
	at org.apache.maven.surefire.booter.ProviderFactory$ProviderProxy.invoke(ProviderFactory.java:165)
	at org.apache.maven.surefire.booter.ProviderFactory.invokeProvider(ProviderFactory.java:85)
	at org.apache.maven.surefire.booter.ForkedBooter.runSuitesInProcess(ForkedBooter.java:115)
	at org.apache.maven.surefire.booter.ForkedBooter.main(ForkedBooter.java:75)
ERROR main com.rockit.common.blackboxtester.suite.configuration.TestProtocol - Critical: configuration initialization exception 


java.io.FileNotFoundException: C:\rockit\projects\github\test.rockitizer.demo\demo.rockitizer\src\test\resources\resources-alex.yaml (Das System kann die angegebene Datei nicht finden.)
	at java.io.FileInputStream.open(FileInputStream.java:212)
	at java.io.FileInputStream.<init>(FileInputStream.java:152)
	at java.io.FileInputStream.<init>(FileInputStream.java:104)
	at io.github.rockitconsulting.test.rockitizer.configuration.utils.ConfigUtils.resourcesHolderFromYaml(ConfigUtils.java:96)
	at io.github.rockitconsulting.test.rockitizer.configuration.ResourcesHolderAccessor.resourcesHolderFromYaml(ResourcesHolderAccessor.java:70)
	at io.github.rockitconsulting.test.rockitizer.configuration.ResourcesHolderAccessor.initFromYaml(ResourcesHolderAccessor.java:55)
	at io.github.rockitconsulting.test.rockitizer.configuration.Configuration.handleInitialization(Configuration.java:90)
	at io.github.rockitconsulting.test.rockitizer.configuration.Configuration.<init>(Configuration.java:70)
	at io.github.rockitconsulting.test.rockitizer.configuration.Configuration.<init>(Configuration.java:56)
	at io.github.rockitconsulting.test.rockitizer.configuration.Configuration.configuration(Configuration.java:135)
	at com.rockit.common.blackboxtester.wrapper.AbstractTestWrapper.newTestBuilderFor(AbstractTestWrapper.java:70)
	at FILEinMQOutTest.<init>(FILEinMQOutTest.java:13)
	at sun.reflect.NativeConstructorAccessorImpl.newInstance0(Native Method)
	at sun.reflect.NativeConstructorAccessorImpl.newInstance(NativeConstructorAccessorImpl.java:83)
	at sun.reflect.DelegatingConstructorAccessorImpl.newInstance(DelegatingConstructorAccessorImpl.java:57)
	at java.lang.reflect.Constructor.newInstance(Constructor.java:437)
	at org.junit.runners.BlockJUnit4ClassRunner.createTest(BlockJUnit4ClassRunner.java:195)
	at org.junit.runners.BlockJUnit4ClassRunner$1.runReflectiveCall(BlockJUnit4ClassRunner.java:244)
	at org.junit.internal.runners.model.ReflectiveCallable.run(ReflectiveCallable.java:12)
	at org.junit.runners.BlockJUnit4ClassRunner.methodBlock(BlockJUnit4ClassRunner.java:241)
	at org.junit.runners.BlockJUnit4ClassRunner.runChild(BlockJUnit4ClassRunner.java:70)
	at org.junit.runners.BlockJUnit4ClassRunner.runChild(BlockJUnit4ClassRunner.java:50)
	at org.junit.runners.ParentRunner$3.run(ParentRunner.java:238)
	at org.junit.runners.ParentRunner$1.schedule(ParentRunner.java:63)
	at org.junit.runners.ParentRunner.runChildren(ParentRunner.java:236)
	at org.junit.runners.ParentRunner.access$000(ParentRunner.java:53)
	at org.junit.runners.ParentRunner$2.evaluate(ParentRunner.java:229)
	at org.junit.runners.ParentRunner.run(ParentRunner.java:309)
	at org.apache.maven.surefire.junit4.JUnit4Provider.execute(JUnit4Provider.java:252)
	at org.apache.maven.surefire.junit4.JUnit4Provider.executeTestSet(JUnit4Provider.java:141)
	at org.apache.maven.surefire.junit4.JUnit4Provider.invoke(JUnit4Provider.java:112)
	at sun.reflect.NativeMethodAccessorImpl.invoke0(Native Method)
	at sun.reflect.NativeMethodAccessorImpl.invoke(NativeMethodAccessorImpl.java:90)
	at sun.reflect.DelegatingMethodAccessorImpl.invoke(DelegatingMethodAccessorImpl.java:55)
	at java.lang.reflect.Method.invoke(Method.java:508)
	at org.apache.maven.surefire.util.ReflectionUtils.invokeMethodWithArray(ReflectionUtils.java:189)
	at org.apache.maven.surefire.booter.ProviderFactory$ProviderProxy.invoke(ProviderFactory.java:165)
	at org.apache.maven.surefire.booter.ProviderFactory.invokeProvider(ProviderFactory.java:85)
	at org.apache.maven.surefire.booter.ForkedBooter.runSuitesInProcess(ForkedBooter.java:115)
	at org.apache.maven.surefire.booter.ForkedBooter.main(ForkedBooter.java:75)
ERROR main com.rockit.common.blackboxtester.suite.configuration.TestProtocol - Critical: configuration initialization exception 


java.io.FileNotFoundException: C:\rockit\projects\github\test.rockitizer.demo\demo.rockitizer\src\test\resources\resources-alex.yaml (Das System kann die angegebene Datei nicht finden.)
	at java.io.FileInputStream.open(FileInputStream.java:212)
	at java.io.FileInputStream.<init>(FileInputStream.java:152)
	at java.io.FileInputStream.<init>(FileInputStream.java:104)
	at io.github.rockitconsulting.test.rockitizer.configuration.utils.ConfigUtils.resourcesHolderFromYaml(ConfigUtils.java:96)
	at io.github.rockitconsulting.test.rockitizer.configuration.ResourcesHolderAccessor.resourcesHolderFromYaml(ResourcesHolderAccessor.java:70)
	at io.github.rockitconsulting.test.rockitizer.configuration.ResourcesHolderAccessor.initFromYaml(ResourcesHolderAccessor.java:55)
	at io.github.rockitconsulting.test.rockitizer.configuration.Configuration.handleInitialization(Configuration.java:90)
	at io.github.rockitconsulting.test.rockitizer.configuration.Configuration.<init>(Configuration.java:70)
	at io.github.rockitconsulting.test.rockitizer.configuration.Configuration.<init>(Configuration.java:56)
	at io.github.rockitconsulting.test.rockitizer.configuration.Configuration.configuration(Configuration.java:135)
	at com.rockit.common.blackboxtester.wrapper.AbstractTestWrapper.newTestBuilderFor(AbstractTestWrapper.java:70)
	at JSONwithDatabaseTest.<init>(JSONwithDatabaseTest.java:13)
	at sun.reflect.NativeConstructorAccessorImpl.newInstance0(Native Method)
	at sun.reflect.NativeConstructorAccessorImpl.newInstance(NativeConstructorAccessorImpl.java:83)
	at sun.reflect.DelegatingConstructorAccessorImpl.newInstance(DelegatingConstructorAccessorImpl.java:57)
	at java.lang.reflect.Constructor.newInstance(Constructor.java:437)
	at org.junit.runners.BlockJUnit4ClassRunner.createTest(BlockJUnit4ClassRunner.java:195)
	at org.junit.runners.BlockJUnit4ClassRunner$1.runReflectiveCall(BlockJUnit4ClassRunner.java:244)
	at org.junit.internal.runners.model.ReflectiveCallable.run(ReflectiveCallable.java:12)
	at org.junit.runners.BlockJUnit4ClassRunner.methodBlock(BlockJUnit4ClassRunner.java:241)
	at org.junit.runners.BlockJUnit4ClassRunner.runChild(BlockJUnit4ClassRunner.java:70)
	at org.junit.runners.BlockJUnit4ClassRunner.runChild(BlockJUnit4ClassRunner.java:50)
	at org.junit.runners.ParentRunner$3.run(ParentRunner.java:238)
	at org.junit.runners.ParentRunner$1.schedule(ParentRunner.java:63)
	at org.junit.runners.ParentRunner.runChildren(ParentRunner.java:236)
	at org.junit.runners.ParentRunner.access$000(ParentRunner.java:53)
	at org.junit.runners.ParentRunner$2.evaluate(ParentRunner.java:229)
	at org.junit.runners.ParentRunner.run(ParentRunner.java:309)
	at org.apache.maven.surefire.junit4.JUnit4Provider.execute(JUnit4Provider.java:252)
	at org.apache.maven.surefire.junit4.JUnit4Provider.executeTestSet(JUnit4Provider.java:141)
	at org.apache.maven.surefire.junit4.JUnit4Provider.invoke(JUnit4Provider.java:112)
	at sun.reflect.NativeMethodAccessorImpl.invoke0(Native Method)
	at sun.reflect.NativeMethodAccessorImpl.invoke(NativeMethodAccessorImpl.java:90)
	at sun.reflect.DelegatingMethodAccessorImpl.invoke(DelegatingMethodAccessorImpl.java:55)
	at java.lang.reflect.Method.invoke(Method.java:508)
	at org.apache.maven.surefire.util.ReflectionUtils.invokeMethodWithArray(ReflectionUtils.java:189)
	at org.apache.maven.surefire.booter.ProviderFactory$ProviderProxy.invoke(ProviderFactory.java:165)
	at org.apache.maven.surefire.booter.ProviderFactory.invokeProvider(ProviderFactory.java:85)
	at org.apache.maven.surefire.booter.ForkedBooter.runSuitesInProcess(ForkedBooter.java:115)
	at org.apache.maven.surefire.booter.ForkedBooter.main(ForkedBooter.java:75)
ERROR main com.rockit.common.blackboxtester.suite.configuration.TestProtocol - Critical: configuration initialization exception 


java.io.FileNotFoundException: C:\rockit\projects\github\test.rockitizer.demo\demo.rockitizer\src\test\resources\resources-alex.yaml (Das System kann die angegebene Datei nicht finden.)
	at java.io.FileInputStream.open(FileInputStream.java:212)
	at java.io.FileInputStream.<init>(FileInputStream.java:152)
	at java.io.FileInputStream.<init>(FileInputStream.java:104)
	at io.github.rockitconsulting.test.rockitizer.configuration.utils.ConfigUtils.resourcesHolderFromYaml(ConfigUtils.java:96)
	at io.github.rockitconsulting.test.rockitizer.configuration.ResourcesHolderAccessor.resourcesHolderFromYaml(ResourcesHolderAccessor.java:70)
	at io.github.rockitconsulting.test.rockitizer.configuration.ResourcesHolderAccessor.initFromYaml(ResourcesHolderAccessor.java:55)
	at io.github.rockitconsulting.test.rockitizer.configuration.Configuration.handleInitialization(Configuration.java:90)
	at io.github.rockitconsulting.test.rockitizer.configuration.Configuration.<init>(Configuration.java:70)
	at io.github.rockitconsulting.test.rockitizer.configuration.Configuration.<init>(Configuration.java:56)
	at io.github.rockitconsulting.test.rockitizer.configuration.Configuration.configuration(Configuration.java:135)
	at com.rockit.common.blackboxtester.wrapper.AbstractTestWrapper.newTestBuilderFor(AbstractTestWrapper.java:70)
	at MQinDBOutTest.<init>(MQinDBOutTest.java:12)
	at sun.reflect.NativeConstructorAccessorImpl.newInstance0(Native Method)
	at sun.reflect.NativeConstructorAccessorImpl.newInstance(NativeConstructorAccessorImpl.java:83)
	at sun.reflect.DelegatingConstructorAccessorImpl.newInstance(DelegatingConstructorAccessorImpl.java:57)
	at java.lang.reflect.Constructor.newInstance(Constructor.java:437)
	at org.junit.runners.BlockJUnit4ClassRunner.createTest(BlockJUnit4ClassRunner.java:195)
	at org.junit.runners.BlockJUnit4ClassRunner$1.runReflectiveCall(BlockJUnit4ClassRunner.java:244)
	at org.junit.internal.runners.model.ReflectiveCallable.run(ReflectiveCallable.java:12)
	at org.junit.runners.BlockJUnit4ClassRunner.methodBlock(BlockJUnit4ClassRunner.java:241)
	at org.junit.runners.BlockJUnit4ClassRunner.runChild(BlockJUnit4ClassRunner.java:70)
	at org.junit.runners.BlockJUnit4ClassRunner.runChild(BlockJUnit4ClassRunner.java:50)
	at org.junit.runners.ParentRunner$3.run(ParentRunner.java:238)
	at org.junit.runners.ParentRunner$1.schedule(ParentRunner.java:63)
	at org.junit.runners.ParentRunner.runChildren(ParentRunner.java:236)
	at org.junit.runners.ParentRunner.access$000(ParentRunner.java:53)
	at org.junit.runners.ParentRunner$2.evaluate(ParentRunner.java:229)
	at org.junit.runners.ParentRunner.run(ParentRunner.java:309)
	at org.apache.maven.surefire.junit4.JUnit4Provider.execute(JUnit4Provider.java:252)
	at org.apache.maven.surefire.junit4.JUnit4Provider.executeTestSet(JUnit4Provider.java:141)
	at org.apache.maven.surefire.junit4.JUnit4Provider.invoke(JUnit4Provider.java:112)
	at sun.reflect.NativeMethodAccessorImpl.invoke0(Native Method)
	at sun.reflect.NativeMethodAccessorImpl.invoke(NativeMethodAccessorImpl.java:90)
	at sun.reflect.DelegatingMethodAccessorImpl.invoke(DelegatingMethodAccessorImpl.java:55)
	at java.lang.reflect.Method.invoke(Method.java:508)
	at org.apache.maven.surefire.util.ReflectionUtils.invokeMethodWithArray(ReflectionUtils.java:189)
	at org.apache.maven.surefire.booter.ProviderFactory$ProviderProxy.invoke(ProviderFactory.java:165)
	at org.apache.maven.surefire.booter.ProviderFactory.invokeProvider(ProviderFactory.java:85)
	at org.apache.maven.surefire.booter.ForkedBooter.runSuitesInProcess(ForkedBooter.java:115)
	at org.apache.maven.surefire.booter.ForkedBooter.main(ForkedBooter.java:75)
ERROR main com.rockit.common.blackboxtester.suite.configuration.TestProtocol - Critical: configuration initialization exception 


java.io.FileNotFoundException: C:\rockit\projects\github\test.rockitizer.demo\demo.rockitizer\src\test\resources\resources-alex.yaml (Das System kann die angegebene Datei nicht finden.)
	at java.io.FileInputStream.open(FileInputStream.java:212)
	at java.io.FileInputStream.<init>(FileInputStream.java:152)
	at java.io.FileInputStream.<init>(FileInputStream.java:104)
	at io.github.rockitconsulting.test.rockitizer.configuration.utils.ConfigUtils.resourcesHolderFromYaml(ConfigUtils.java:96)
	at io.github.rockitconsulting.test.rockitizer.configuration.ResourcesHolderAccessor.resourcesHolderFromYaml(ResourcesHolderAccessor.java:70)
	at io.github.rockitconsulting.test.rockitizer.configuration.ResourcesHolderAccessor.initFromYaml(ResourcesHolderAccessor.java:55)
	at io.github.rockitconsulting.test.rockitizer.configuration.Configuration.handleInitialization(Configuration.java:90)
	at io.github.rockitconsulting.test.rockitizer.configuration.Configuration.<init>(Configuration.java:70)
	at io.github.rockitconsulting.test.rockitizer.configuration.Configuration.<init>(Configuration.java:56)
	at io.github.rockitconsulting.test.rockitizer.configuration.Configuration.configuration(Configuration.java:135)
	at com.rockit.common.blackboxtester.wrapper.AbstractTestWrapper.newTestBuilderFor(AbstractTestWrapper.java:70)
	at MQinMQOutTest.<init>(MQinMQOutTest.java:12)
	at sun.reflect.NativeConstructorAccessorImpl.newInstance0(Native Method)
	at sun.reflect.NativeConstructorAccessorImpl.newInstance(NativeConstructorAccessorImpl.java:83)
	at sun.reflect.DelegatingConstructorAccessorImpl.newInstance(DelegatingConstructorAccessorImpl.java:57)
	at java.lang.reflect.Constructor.newInstance(Constructor.java:437)
	at org.junit.runners.BlockJUnit4ClassRunner.createTest(BlockJUnit4ClassRunner.java:195)
	at org.junit.runners.BlockJUnit4ClassRunner$1.runReflectiveCall(BlockJUnit4ClassRunner.java:244)
	at org.junit.internal.runners.model.ReflectiveCallable.run(ReflectiveCallable.java:12)
	at org.junit.runners.BlockJUnit4ClassRunner.methodBlock(BlockJUnit4ClassRunner.java:241)
	at org.junit.runners.BlockJUnit4ClassRunner.runChild(BlockJUnit4ClassRunner.java:70)
	at org.junit.runners.BlockJUnit4ClassRunner.runChild(BlockJUnit4ClassRunner.java:50)
	at org.junit.runners.ParentRunner$3.run(ParentRunner.java:238)
	at org.junit.runners.ParentRunner$1.schedule(ParentRunner.java:63)
	at org.junit.runners.ParentRunner.runChildren(ParentRunner.java:236)
	at org.junit.runners.ParentRunner.access$000(ParentRunner.java:53)
	at org.junit.runners.ParentRunner$2.evaluate(ParentRunner.java:229)
	at org.junit.runners.ParentRunner.run(ParentRunner.java:309)
	at org.apache.maven.surefire.junit4.JUnit4Provider.execute(JUnit4Provider.java:252)
	at org.apache.maven.surefire.junit4.JUnit4Provider.executeTestSet(JUnit4Provider.java:141)
	at org.apache.maven.surefire.junit4.JUnit4Provider.invoke(JUnit4Provider.java:112)
	at sun.reflect.NativeMethodAccessorImpl.invoke0(Native Method)
	at sun.reflect.NativeMethodAccessorImpl.invoke(NativeMethodAccessorImpl.java:90)
	at sun.reflect.DelegatingMethodAccessorImpl.invoke(DelegatingMethodAccessorImpl.java:55)
	at java.lang.reflect.Method.invoke(Method.java:508)
	at org.apache.maven.surefire.util.ReflectionUtils.invokeMethodWithArray(ReflectionUtils.java:189)
	at org.apache.maven.surefire.booter.ProviderFactory$ProviderProxy.invoke(ProviderFactory.java:165)
	at org.apache.maven.surefire.booter.ProviderFactory.invokeProvider(ProviderFactory.java:85)
	at org.apache.maven.surefire.booter.ForkedBooter.runSuitesInProcess(ForkedBooter.java:115)
	at org.apache.maven.surefire.booter.ForkedBooter.main(ForkedBooter.java:75)
ERROR main com.rockit.common.blackboxtester.suite.configuration.TestProtocol - Critical: configuration initialization exception 


java.io.FileNotFoundException: C:\rockit\projects\github\test.rockitizer.demo\demo.rockitizer\src\test\resources\resources-alex.yaml (Das System kann die angegebene Datei nicht finden.)
	at java.io.FileInputStream.open(FileInputStream.java:212)
	at java.io.FileInputStream.<init>(FileInputStream.java:152)
	at java.io.FileInputStream.<init>(FileInputStream.java:104)
	at io.github.rockitconsulting.test.rockitizer.configuration.utils.ConfigUtils.resourcesHolderFromYaml(ConfigUtils.java:96)
	at io.github.rockitconsulting.test.rockitizer.configuration.ResourcesHolderAccessor.resourcesHolderFromYaml(ResourcesHolderAccessor.java:70)
	at io.github.rockitconsulting.test.rockitizer.configuration.ResourcesHolderAccessor.initFromYaml(ResourcesHolderAccessor.java:55)
	at io.github.rockitconsulting.test.rockitizer.configuration.Configuration.handleInitialization(Configuration.java:90)
	at io.github.rockitconsulting.test.rockitizer.configuration.Configuration.<init>(Configuration.java:70)
	at io.github.rockitconsulting.test.rockitizer.configuration.Configuration.<init>(Configuration.java:56)
	at io.github.rockitconsulting.test.rockitizer.configuration.Configuration.configuration(Configuration.java:135)
	at com.rockit.common.blackboxtester.wrapper.AbstractTestWrapper.newTestBuilderFor(AbstractTestWrapper.java:70)
	at WSwithDatabaseTest.<init>(WSwithDatabaseTest.java:13)
	at sun.reflect.NativeConstructorAccessorImpl.newInstance0(Native Method)
	at sun.reflect.NativeConstructorAccessorImpl.newInstance(NativeConstructorAccessorImpl.java:83)
	at sun.reflect.DelegatingConstructorAccessorImpl.newInstance(DelegatingConstructorAccessorImpl.java:57)
	at java.lang.reflect.Constructor.newInstance(Constructor.java:437)
	at org.junit.runners.BlockJUnit4ClassRunner.createTest(BlockJUnit4ClassRunner.java:195)
	at org.junit.runners.BlockJUnit4ClassRunner$1.runReflectiveCall(BlockJUnit4ClassRunner.java:244)
	at org.junit.internal.runners.model.ReflectiveCallable.run(ReflectiveCallable.java:12)
	at org.junit.runners.BlockJUnit4ClassRunner.methodBlock(BlockJUnit4ClassRunner.java:241)
	at org.junit.runners.BlockJUnit4ClassRunner.runChild(BlockJUnit4ClassRunner.java:70)
	at org.junit.runners.BlockJUnit4ClassRunner.runChild(BlockJUnit4ClassRunner.java:50)
	at org.junit.runners.ParentRunner$3.run(ParentRunner.java:238)
	at org.junit.runners.ParentRunner$1.schedule(ParentRunner.java:63)
	at org.junit.runners.ParentRunner.runChildren(ParentRunner.java:236)
	at org.junit.runners.ParentRunner.access$000(ParentRunner.java:53)
	at org.junit.runners.ParentRunner$2.evaluate(ParentRunner.java:229)
	at org.junit.runners.ParentRunner.run(ParentRunner.java:309)
	at org.apache.maven.surefire.junit4.JUnit4Provider.execute(JUnit4Provider.java:252)
	at org.apache.maven.surefire.junit4.JUnit4Provider.executeTestSet(JUnit4Provider.java:141)
	at org.apache.maven.surefire.junit4.JUnit4Provider.invoke(JUnit4Provider.java:112)
	at sun.reflect.NativeMethodAccessorImpl.invoke0(Native Method)
	at sun.reflect.NativeMethodAccessorImpl.invoke(NativeMethodAccessorImpl.java:90)
	at sun.reflect.DelegatingMethodAccessorImpl.invoke(DelegatingMethodAccessorImpl.java:55)
	at java.lang.reflect.Method.invoke(Method.java:508)
	at org.apache.maven.surefire.util.ReflectionUtils.invokeMethodWithArray(ReflectionUtils.java:189)
	at org.apache.maven.surefire.booter.ProviderFactory$ProviderProxy.invoke(ProviderFactory.java:165)
	at org.apache.maven.surefire.booter.ProviderFactory.invokeProvider(ProviderFactory.java:85)
	at org.apache.maven.surefire.booter.ForkedBooter.runSuitesInProcess(ForkedBooter.java:115)
	at org.apache.maven.surefire.booter.ForkedBooter.main(ForkedBooter.java:75)
INFO main com.rockit.common.blackboxtester.suite.configuration.TestProtocol - #############################################################################
INFO main com.rockit.common.blackboxtester.suite.configuration.TestProtocol - # 		 <FILEinMQOutTest>: Configuration
INFO main com.rockit.common.blackboxtester.suite.configuration.TestProtocol - #############################################################################
INFO main com.rockit.common.blackboxtester.suite.configuration.TestProtocol - TESTNAME: FILEinMQOutTest
INFO main com.rockit.common.blackboxtester.suite.configuration.TestProtocol - RECORD FOLDER: C:/rockit/projects/github/test.rockitizer.demo/demo.rockitizer/src/test/resources/FILEinMQOutTest/
INFO main com.rockit.common.blackboxtester.suite.configuration.TestProtocol - REPLAY FOLDER: C:/rockit/projects/github/test.rockitizer.demo/demo.rockitizer/target/replay/FILEinMQOutTest/
INFO main com.rockit.common.blackboxtester.suite.configuration.TestProtocol - MODE: REPLAY
INFO main com.rockit.common.blackboxtester.suite.configuration.TestProtocol - #############################################################################
INFO main com.rockit.common.blackboxtester.suite.configuration.TestProtocol - # 		 <FILEinMQOutTest>: Executing  [REPLAY]
INFO main com.rockit.common.blackboxtester.suite.configuration.TestProtocol - #############################################################################
INFO main com.rockit.common.blackboxtester.suite.configuration.TestProtocol - 
INFO main com.rockit.common.blackboxtester.suite.configuration.TestProtocol - *****************************************************************************
INFO main com.rockit.common.blackboxtester.suite.configuration.TestProtocol - 0BEFORE	 Step Added. Executing... 
INFO main com.rockit.common.blackboxtester.suite.configuration.TestProtocol - 0BEFORE	 [Connector:MQGET.ERROR] - Reading ...
INFO main com.rockit.common.blackboxtester.suite.configuration.TestProtocol - 0BEFORE	 [Connector:MQGET.OUT.FILE2MQ] - Reading ...
INFO main com.rockit.common.blackboxtester.suite.configuration.TestProtocol - 0BEFORE	 Deleting replay  folder C:/rockit/projects/github/test.rockitizer.demo/demo.rockitizer/target/replay/FILEinMQOutTest/
INFO main com.rockit.common.blackboxtester.suite.configuration.TestProtocol - 
INFO main com.rockit.common.blackboxtester.suite.configuration.TestProtocol - *****************************************************************************
INFO main com.rockit.common.blackboxtester.suite.configuration.TestProtocol - a001FILEPutMessage	 Step Added. Executing... 
INFO main com.rockit.common.blackboxtester.suite.configuration.TestProtocol - a001FILEPutMessage	 [Connector:FILEPUT.IN.FILE2MQ] - Writing ...
INFO main com.rockit.common.blackboxtester.suite.configuration.TestProtocol -  Waiting 10000ms for results
INFO main com.rockit.common.blackboxtester.suite.configuration.TestProtocol - 
INFO main com.rockit.common.blackboxtester.suite.configuration.TestProtocol - *****************************************************************************
INFO main com.rockit.common.blackboxtester.suite.configuration.TestProtocol - a002MQGetError	 Step Added. Executing... 
INFO main com.rockit.common.blackboxtester.suite.configuration.TestProtocol - a002MQGetError	 [Connector:MQGET.ERROR] - Reading ...
INFO main com.rockit.common.blackboxtester.suite.configuration.TestProtocol - 
INFO main com.rockit.common.blackboxtester.suite.configuration.TestProtocol - *****************************************************************************
INFO main com.rockit.common.blackboxtester.suite.configuration.TestProtocol - a002MQGetMessage	 Step Added. Executing... 
INFO main com.rockit.common.blackboxtester.suite.configuration.TestProtocol - a002MQGetMessage	 [Connector:MQGET.OUT.FILE2MQ] - Reading ...
INFO main com.rockit.common.blackboxtester.suite.configuration.TestProtocol - a002MQGetMessage	 [Connector:MQGET.OUT.FILE2MQ] - Reading ...
INFO main com.rockit.common.blackboxtester.suite.configuration.TestProtocol - #############################################################################
INFO main com.rockit.common.blackboxtester.suite.configuration.TestProtocol - # 		 <FILEinMQOutTest>: Assertion
INFO main com.rockit.common.blackboxtester.suite.configuration.TestProtocol - #############################################################################
INFO main com.rockit.common.blackboxtester.suite.configuration.TestProtocol -  Number of assertions processed successfully: 4 [
	com.rockit.common.blackboxtester.assertions.XMLFileAssertion@655be86e,
	com.rockit.common.blackboxtester.assertions.XMLFileAssertion@a08a3ba3,
	com.rockit.common.blackboxtester.assertions.FileAssertion@927ee58c,
	com.rockit.common.blackboxtester.assertions.FileAssertion@301d8ade
      ]
INFO main com.rockit.common.blackboxtester.suite.configuration.TestProtocol - #############################################################################
INFO main com.rockit.common.blackboxtester.suite.configuration.TestProtocol - # 		 <FILEinFILEOutTest>: Configuration
INFO main com.rockit.common.blackboxtester.suite.configuration.TestProtocol - #############################################################################
INFO main com.rockit.common.blackboxtester.suite.configuration.TestProtocol - TESTNAME: FILEinFILEOutTest
INFO main com.rockit.common.blackboxtester.suite.configuration.TestProtocol - RECORD FOLDER: C:/rockit/projects/github/test.rockitizer.demo/demo.rockitizer/src/test/resources/FILEinFILEOutTest/
INFO main com.rockit.common.blackboxtester.suite.configuration.TestProtocol - REPLAY FOLDER: C:/rockit/projects/github/test.rockitizer.demo/demo.rockitizer/target/replay/FILEinFILEOutTest/
INFO main com.rockit.common.blackboxtester.suite.configuration.TestProtocol - MODE: REPLAY
INFO main com.rockit.common.blackboxtester.suite.configuration.TestProtocol - #############################################################################
INFO main com.rockit.common.blackboxtester.suite.configuration.TestProtocol - # 		 <FILEinFILEOutTest>: Executing  [REPLAY]
INFO main com.rockit.common.blackboxtester.suite.configuration.TestProtocol - #############################################################################
INFO main com.rockit.common.blackboxtester.suite.configuration.TestProtocol - 
INFO main com.rockit.common.blackboxtester.suite.configuration.TestProtocol - *****************************************************************************
INFO main com.rockit.common.blackboxtester.suite.configuration.TestProtocol - 0BEFORE	 Step Added. Executing... 
INFO main com.rockit.common.blackboxtester.suite.configuration.TestProtocol - 0BEFORE	 [Connector:FILEDEL.IN.FILE2FILE] - Reading ...
INFO main com.rockit.common.blackboxtester.suite.configuration.TestProtocol - 0BEFORE	 [Connector:FILEDEL.OUT.FILE2FILE] - Reading ...
INFO main com.rockit.common.blackboxtester.suite.configuration.TestProtocol - 0BEFORE	 Deleting replay  folder C:/rockit/projects/github/test.rockitizer.demo/demo.rockitizer/target/replay/FILEinFILEOutTest/
INFO main com.rockit.common.blackboxtester.suite.configuration.TestProtocol - 
INFO main com.rockit.common.blackboxtester.suite.configuration.TestProtocol - *****************************************************************************
INFO main com.rockit.common.blackboxtester.suite.configuration.TestProtocol - a001FILEPutMessage	 Step Added. Executing... 
INFO main com.rockit.common.blackboxtester.suite.configuration.TestProtocol - a001FILEPutMessage	 [Connector:FILEPUT.IN.FILE2FILE] - Writing ...
INFO main com.rockit.common.blackboxtester.suite.configuration.TestProtocol -  Waiting 10000ms for results
INFO main com.rockit.common.blackboxtester.suite.configuration.TestProtocol - 
INFO main com.rockit.common.blackboxtester.suite.configuration.TestProtocol - *****************************************************************************
INFO main com.rockit.common.blackboxtester.suite.configuration.TestProtocol - a002FILEGetMessage	 Step Added. Executing... 
INFO main com.rockit.common.blackboxtester.suite.configuration.TestProtocol - a002FILEGetMessage	 [Connector:FILEGET.OUT.FILE2FILE] - Reading ...
INFO main com.rockit.common.blackboxtester.suite.configuration.TestProtocol - #############################################################################
INFO main com.rockit.common.blackboxtester.suite.configuration.TestProtocol - # 		 <FILEinFILEOutTest>: Assertion
INFO main com.rockit.common.blackboxtester.suite.configuration.TestProtocol - #############################################################################
INFO main com.rockit.common.blackboxtester.suite.configuration.TestProtocol -  Number of assertions processed successfully: 3 [
	XMLFileAssertion,
	FileAssertion,
	FileAssertion
      ]
INFO main com.rockit.common.blackboxtester.suite.configuration.TestProtocol - #############################################################################
INFO main com.rockit.common.blackboxtester.suite.configuration.TestProtocol - # 		 <FILEinMQOutTest>: Configuration
INFO main com.rockit.common.blackboxtester.suite.configuration.TestProtocol - #############################################################################
INFO main com.rockit.common.blackboxtester.suite.configuration.TestProtocol - TESTNAME: FILEinMQOutTest
INFO main com.rockit.common.blackboxtester.suite.configuration.TestProtocol - RECORD FOLDER: C:/rockit/projects/github/test.rockitizer.demo/demo.rockitizer/src/test/resources/FILEinMQOutTest/
INFO main com.rockit.common.blackboxtester.suite.configuration.TestProtocol - REPLAY FOLDER: C:/rockit/projects/github/test.rockitizer.demo/demo.rockitizer/target/replay/FILEinMQOutTest/
INFO main com.rockit.common.blackboxtester.suite.configuration.TestProtocol - MODE: REPLAY
INFO main com.rockit.common.blackboxtester.suite.configuration.TestProtocol - #############################################################################
INFO main com.rockit.common.blackboxtester.suite.configuration.TestProtocol - # 		 <FILEinMQOutTest>: Executing  [REPLAY]
INFO main com.rockit.common.blackboxtester.suite.configuration.TestProtocol - #############################################################################
INFO main com.rockit.common.blackboxtester.suite.configuration.TestProtocol - 
INFO main com.rockit.common.blackboxtester.suite.configuration.TestProtocol - *****************************************************************************
INFO main com.rockit.common.blackboxtester.suite.configuration.TestProtocol - 0BEFORE	 Step Added. Executing... 
INFO main com.rockit.common.blackboxtester.suite.configuration.TestProtocol - 0BEFORE	 [Connector:MQGET.ERROR] - Reading ...
INFO main com.rockit.common.blackboxtester.suite.configuration.TestProtocol - 0BEFORE	 [Connector:MQGET.OUT.FILE2MQ] - Reading ...
INFO main com.rockit.common.blackboxtester.suite.configuration.TestProtocol - 0BEFORE	 Deleting replay  folder C:/rockit/projects/github/test.rockitizer.demo/demo.rockitizer/target/replay/FILEinMQOutTest/
INFO main com.rockit.common.blackboxtester.suite.configuration.TestProtocol - 
INFO main com.rockit.common.blackboxtester.suite.configuration.TestProtocol - *****************************************************************************
INFO main com.rockit.common.blackboxtester.suite.configuration.TestProtocol - a001FILEPutMessage	 Step Added. Executing... 
INFO main com.rockit.common.blackboxtester.suite.configuration.TestProtocol - a001FILEPutMessage	 [Connector:FILEPUT.IN.FILE2MQ] - Writing ...
INFO main com.rockit.common.blackboxtester.suite.configuration.TestProtocol -  Waiting 10000ms for results
INFO main com.rockit.common.blackboxtester.suite.configuration.TestProtocol - 
INFO main com.rockit.common.blackboxtester.suite.configuration.TestProtocol - *****************************************************************************
INFO main com.rockit.common.blackboxtester.suite.configuration.TestProtocol - a002MQGetError	 Step Added. Executing... 
INFO main com.rockit.common.blackboxtester.suite.configuration.TestProtocol - a002MQGetError	 [Connector:MQGET.ERROR] - Reading ...
INFO main com.rockit.common.blackboxtester.suite.configuration.TestProtocol - 
INFO main com.rockit.common.blackboxtester.suite.configuration.TestProtocol - *****************************************************************************
INFO main com.rockit.common.blackboxtester.suite.configuration.TestProtocol - a002MQGetMessage	 Step Added. Executing... 
INFO main com.rockit.common.blackboxtester.suite.configuration.TestProtocol - a002MQGetMessage	 [Connector:MQGET.OUT.FILE2MQ] - Reading ...
INFO main com.rockit.common.blackboxtester.suite.configuration.TestProtocol - #############################################################################
INFO main com.rockit.common.blackboxtester.suite.configuration.TestProtocol - # 		 <FILEinMQOutTest>: Assertion
INFO main com.rockit.common.blackboxtester.suite.configuration.TestProtocol - #############################################################################
ERROR main com.rockit.common.blackboxtester.exceptions.AssertionException -  matching file C:\rockit\projects\github\test.rockitizer.demo\demo.rockitizer\target\replay\FILEinMQOutTest\output must exist  :  matching file C:\rockit\projects\github\test.rockitizer.demo\demo.rockitizer\target\replay\FILEinMQOutTest\output must exist
INFO main com.rockit.common.blackboxtester.suite.configuration.TestProtocol - #############################################################################
INFO main com.rockit.common.blackboxtester.suite.configuration.TestProtocol - # 		 <FILEinMQOutTest>: Configuration
INFO main com.rockit.common.blackboxtester.suite.configuration.TestProtocol - #############################################################################
INFO main com.rockit.common.blackboxtester.suite.configuration.TestProtocol - TESTNAME: FILEinMQOutTest
INFO main com.rockit.common.blackboxtester.suite.configuration.TestProtocol - RECORD FOLDER: C:/rockit/projects/github/test.rockitizer.demo/demo.rockitizer/src/test/resources/FILEinMQOutTest/
INFO main com.rockit.common.blackboxtester.suite.configuration.TestProtocol - REPLAY FOLDER: C:/rockit/projects/github/test.rockitizer.demo/demo.rockitizer/target/replay/FILEinMQOutTest/
INFO main com.rockit.common.blackboxtester.suite.configuration.TestProtocol - MODE: REPLAY
INFO main com.rockit.common.blackboxtester.suite.configuration.TestProtocol - #############################################################################
INFO main com.rockit.common.blackboxtester.suite.configuration.TestProtocol - # 		 <FILEinMQOutTest>: Executing  [REPLAY]
INFO main com.rockit.common.blackboxtester.suite.configuration.TestProtocol - #############################################################################
INFO main com.rockit.common.blackboxtester.suite.configuration.TestProtocol - 
INFO main com.rockit.common.blackboxtester.suite.configuration.TestProtocol - *****************************************************************************
INFO main com.rockit.common.blackboxtester.suite.configuration.TestProtocol - 0BEFORE	 Step Added. Executing... 
INFO main com.rockit.common.blackboxtester.suite.configuration.TestProtocol - 0BEFORE	 [Connector:MQGET.ERROR] - Reading ...
INFO main com.rockit.common.blackboxtester.suite.configuration.TestProtocol - 0BEFORE	 [Connector:MQGET.OUT.FILE2MQ] - Reading ...
INFO main com.rockit.common.blackboxtester.suite.configuration.TestProtocol - 0BEFORE	 Deleting replay  folder C:/rockit/projects/github/test.rockitizer.demo/demo.rockitizer/target/replay/FILEinMQOutTest/
INFO main com.rockit.common.blackboxtester.suite.configuration.TestProtocol - 
INFO main com.rockit.common.blackboxtester.suite.configuration.TestProtocol - *****************************************************************************
INFO main com.rockit.common.blackboxtester.suite.configuration.TestProtocol - a001FILEPutMessage	 Step Added. Executing... 
INFO main com.rockit.common.blackboxtester.suite.configuration.TestProtocol - a001FILEPutMessage	 [Connector:FILEPUT.IN.FILE2MQ] - Writing ...
INFO main com.rockit.common.blackboxtester.suite.configuration.TestProtocol -  Waiting 10000ms for results
INFO main com.rockit.common.blackboxtester.suite.configuration.TestProtocol - 
INFO main com.rockit.common.blackboxtester.suite.configuration.TestProtocol - *****************************************************************************
INFO main com.rockit.common.blackboxtester.suite.configuration.TestProtocol - a002MQGetError	 Step Added. Executing... 
INFO main com.rockit.common.blackboxtester.suite.configuration.TestProtocol - a002MQGetError	 [Connector:MQGET.ERROR] - Reading ...
INFO main com.rockit.common.blackboxtester.suite.configuration.TestProtocol - 
INFO main com.rockit.common.blackboxtester.suite.configuration.TestProtocol - *****************************************************************************
INFO main com.rockit.common.blackboxtester.suite.configuration.TestProtocol - a002MQGetMessage	 Step Added. Executing... 
INFO main com.rockit.common.blackboxtester.suite.configuration.TestProtocol - a002MQGetMessage	 [Connector:MQGET.OUT.FILE2MQ] - Reading ...
INFO main com.rockit.common.blackboxtester.suite.configuration.TestProtocol - #############################################################################
INFO main com.rockit.common.blackboxtester.suite.configuration.TestProtocol - # 		 <FILEinMQOutTest>: Assertion
INFO main com.rockit.common.blackboxtester.suite.configuration.TestProtocol - #############################################################################
ERROR main com.rockit.common.blackboxtester.exceptions.AssertionException -  matching file C:\rockit\projects\github\test.rockitizer.demo\demo.rockitizer\target\replay\FILEinMQOutTest\output must exist  :  matching file C:\rockit\projects\github\test.rockitizer.demo\demo.rockitizer\target\replay\FILEinMQOutTest\output must exist
